This is pdfTeX, Version 3.141592653-2.6-1.40.24 (MiKTeX 22.7) (preloaded format=pdflatex 2022.9.25)  22 JUL 2025 17:13
entering extended mode
 restricted \write18 enabled.
 file:line:error style messages enabled.
 %&-line parsing enabled.
**"d:/UBC courses/WLIURA 2025/ratio3_and_examples/ratio3_and_examples.tex"
(d:/UBC courses/WLIURA 2025/ratio3_and_examples/ratio3_and_examples.tex
LaTeX2e <2022-06-01> patch level 5
L3 programming layer <2022-07-04> (C:\Users\Richard Adhika\AppData\Local\Programs\MiKTeX\tex/latex/base\article.cls
Document Class: article 2021/10/04 v1.4n Standard LaTeX document class
(C:\Users\Richard Adhika\AppData\Local\Programs\MiKTeX\tex/latex/base\size12.clo
File: size12.clo 2021/10/04 v1.4n Standard LaTeX file (size option)
)
\c@part=\count185
\c@section=\count186
\c@subsection=\count187
\c@subsubsection=\count188
\c@paragraph=\count189
\c@subparagraph=\count190
\c@figure=\count191
\c@table=\count192
\abovecaptionskip=\skip47
\belowcaptionskip=\skip48
\bibindent=\dimen138
) (C:\Users\Richard Adhika\AppData\Local\Programs\MiKTeX\tex/latex/float\float.sty
Package: float 2001/11/08 v1.3d Float enhancements (AL)
\c@float@type=\count193
\float@exts=\toks16
\float@box=\box51
\@float@everytoks=\toks17
\@floatcapt=\box52
) (C:\Users\Richard Adhika\AppData\Local\Programs\MiKTeX\tex/latex/xcolor\xcolor.sty
Package: xcolor 2022/06/12 v2.14 LaTeX color extensions (UK)
 (C:\Users\Richard Adhika\AppData\Local\Programs\MiKTeX\tex/latex/graphics-cfg\color.cfg
File: color.cfg 2016/01/02 v1.6 sample color configuration
)
Package xcolor Info: Driver file: pdftex.def on input line 227.
 (C:\Users\Richard Adhika\AppData\Local\Programs\MiKTeX\tex/latex/graphics-def\pdftex.def
File: pdftex.def 2020/10/05 v1.2a Graphics/color driver for pdftex
) (C:\Users\Richard Adhika\AppData\Local\Programs\MiKTeX\tex/latex-dev/graphics\mathcolor.ltx)
Package xcolor Info: Model `cmy' substituted by `cmy0' on input line 1353.
Package xcolor Info: Model `hsb' substituted by `rgb' on input line 1357.
Package xcolor Info: Model `RGB' extended on input line 1369.
Package xcolor Info: Model `HTML' substituted by `rgb' on input line 1371.
Package xcolor Info: Model `Hsb' substituted by `hsb' on input line 1372.
Package xcolor Info: Model `tHsb' substituted by `hsb' on input line 1373.
Package xcolor Info: Model `HSB' substituted by `hsb' on input line 1374.
Package xcolor Info: Model `Gray' substituted by `gray' on input line 1375.
Package xcolor Info: Model `wave' substituted by `hsb' on input line 1376.
) (C:\Users\Richard Adhika\AppData\Local\Programs\MiKTeX\tex/latex/amsmath\amsmath.sty
Package: amsmath 2022/04/08 v2.17n AMS math features
\@mathmargin=\skip49

For additional information on amsmath, use the `?' option.
(C:\Users\Richard Adhika\AppData\Local\Programs\MiKTeX\tex/latex/amsmath\amstext.sty
Package: amstext 2021/08/26 v2.01 AMS text
 (C:\Users\Richard Adhika\AppData\Local\Programs\MiKTeX\tex/latex/amsmath\amsgen.sty
File: amsgen.sty 1999/11/30 v2.0 generic functions
\@emptytoks=\toks18
\ex@=\dimen139
)) (C:\Users\Richard Adhika\AppData\Local\Programs\MiKTeX\tex/latex/amsmath\amsbsy.sty
Package: amsbsy 1999/11/29 v1.2d Bold Symbols
\pmbraise@=\dimen140
) (C:\Users\Richard Adhika\AppData\Local\Programs\MiKTeX\tex/latex/amsmath\amsopn.sty
Package: amsopn 2022/04/08 v2.04 operator names
)
\inf@bad=\count194
LaTeX Info: Redefining \frac on input line 234.
\uproot@=\count195
\leftroot@=\count196
LaTeX Info: Redefining \overline on input line 399.
LaTeX Info: Redefining \colon on input line 410.
\classnum@=\count197
\DOTSCASE@=\count198
LaTeX Info: Redefining \ldots on input line 496.
LaTeX Info: Redefining \dots on input line 499.
LaTeX Info: Redefining \cdots on input line 620.
\Mathstrutbox@=\box53
\strutbox@=\box54
LaTeX Info: Redefining \big on input line 722.
LaTeX Info: Redefining \Big on input line 723.
LaTeX Info: Redefining \bigg on input line 724.
LaTeX Info: Redefining \Bigg on input line 725.
\big@size=\dimen141
LaTeX Font Info:    Redeclaring font encoding OML on input line 743.
LaTeX Font Info:    Redeclaring font encoding OMS on input line 744.
\macc@depth=\count199
LaTeX Info: Redefining \bmod on input line 905.
LaTeX Info: Redefining \pmod on input line 910.
LaTeX Info: Redefining \smash on input line 940.
LaTeX Info: Redefining \relbar on input line 970.
LaTeX Info: Redefining \Relbar on input line 971.
\c@MaxMatrixCols=\count266
\dotsspace@=\muskip16
\c@parentequation=\count267
\dspbrk@lvl=\count268
\tag@help=\toks19
\row@=\count269
\column@=\count270
\maxfields@=\count271
\andhelp@=\toks20
\eqnshift@=\dimen142
\alignsep@=\dimen143
\tagshift@=\dimen144
\tagwidth@=\dimen145
\totwidth@=\dimen146
\lineht@=\dimen147
\@envbody=\toks21
\multlinegap=\skip50
\multlinetaggap=\skip51
\mathdisplay@stack=\toks22
LaTeX Info: Redefining \[ on input line 2953.
LaTeX Info: Redefining \] on input line 2954.
) (C:\Users\Richard Adhika\AppData\Local\Programs\MiKTeX\tex/latex/amsfonts\amsfonts.sty
Package: amsfonts 2013/01/14 v3.01 Basic AMSFonts support
\symAMSa=\mathgroup4
\symAMSb=\mathgroup5
LaTeX Font Info:    Redeclaring math symbol \hbar on input line 98.
LaTeX Font Info:    Overwriting math alphabet `\mathfrak' in version `bold'
(Font)                  U/euf/m/n --> U/euf/b/n on input line 106.
) (C:\Users\Richard Adhika\AppData\Local\Programs\MiKTeX\tex/latex/amsfonts\amssymb.sty
Package: amssymb 2013/01/14 v3.01 AMS font symbols
) (C:\Users\Richard Adhika\AppData\Local\Programs\MiKTeX\tex/latex/graphics\graphicx.sty
Package: graphicx 2021/09/16 v1.2d Enhanced LaTeX Graphics (DPC,SPQR)
 (C:\Users\Richard Adhika\AppData\Local\Programs\MiKTeX\tex/latex/graphics\keyval.sty
Package: keyval 2022/05/29 v1.15 key=value parser (DPC)
\KV@toks@=\toks23
) (C:\Users\Richard Adhika\AppData\Local\Programs\MiKTeX\tex/latex/graphics\graphics.sty
Package: graphics 2022/03/10 v1.4e Standard LaTeX Graphics (DPC,SPQR)
 (C:\Users\Richard Adhika\AppData\Local\Programs\MiKTeX\tex/latex/graphics\trig.sty
Package: trig 2021/08/11 v1.11 sin cos tan (DPC)
) (C:\Users\Richard Adhika\AppData\Local\Programs\MiKTeX\tex/latex/graphics-cfg\graphics.cfg
File: graphics.cfg 2016/06/04 v1.11 sample graphics configuration
)
Package graphics Info: Driver file: pdftex.def on input line 107.
)
\Gin@req@height=\dimen148
\Gin@req@width=\dimen149
) (C:\Users\Richard Adhika\AppData\Local\Programs\MiKTeX\tex/latex/algorithm2e\algorithm2e.sty
Package: algorithm2e 2017/07/18 v5.2 algorithms environments
\c@AlgoLine=\count272
 (C:\Users\Richard Adhika\AppData\Local\Programs\MiKTeX\tex/latex/base\ifthen.sty
Package: ifthen 2022/04/13 v1.1d Standard LaTeX ifthen package (DPC)
)
\algocf@hangindent=\skip52
 (C:\Users\Richard Adhika\AppData\Local\Programs\MiKTeX\tex/latex/ifoddpage\ifoddpage.sty
Package: ifoddpage 2022/10/18 v1.2 Conditionals for odd/even page detection
\c@checkoddpage=\count273
) (C:\Users\Richard Adhika\AppData\Local\Programs\MiKTeX\tex/latex/tools\xspace.sty
Package: xspace 2014/10/28 v1.13 Space after command names (DPC,MH)
) (C:\Users\Richard Adhika\AppData\Local\Programs\MiKTeX\tex/latex/relsize\relsize.sty
Package: relsize 2013/03/29 ver 4.1
)
\skiptotal=\skip53
\skiplinenumber=\skip54
\skiprule=\skip55
\skiphlne=\skip56
\skiptext=\skip57
\skiplength=\skip58
\algomargin=\skip59
\skipalgocfslide=\skip60
\algowidth=\dimen150
\inoutsize=\dimen151
\inoutindent=\dimen152
\interspacetitleruled=\dimen153
\interspacealgoruled=\dimen154
\interspacetitleboxruled=\dimen155
\algocf@ruledwidth=\skip61
\algocf@inoutbox=\box55
\algocf@inputbox=\box56
\AlCapSkip=\skip62
\AlCapHSkip=\skip63
\algoskipindent=\skip64
\algocf@nlbox=\box57
\algocf@hangingbox=\box58
\algocf@untilbox=\box59
\algocf@skipuntil=\skip65
\algocf@capbox=\box60
\algocf@lcaptionbox=\skip66
\algoheightruledefault=\skip67
\algoheightrule=\skip68
\algotitleheightruledefault=\skip69
\algotitleheightrule=\skip70
\c@algocfline=\count274
\c@algocfproc=\count275
\c@algocf=\count276
\algocf@algoframe=\box61
\algocf@algobox=\box62
) (C:\Users\Richard Adhika\AppData\Local\Programs\MiKTeX\tex/latex/geometry\geometry.sty
Package: geometry 2020/01/02 v5.9 Page Geometry
 (C:\Users\Richard Adhika\AppData\Local\Programs\MiKTeX\tex/generic/iftex\ifvtex.sty
Package: ifvtex 2019/10/25 v1.7 ifvtex legacy package. Use iftex instead.
 (C:\Users\Richard Adhika\AppData\Local\Programs\MiKTeX\tex/generic/iftex\iftex.sty
Package: iftex 2022/02/03 v1.0f TeX engine tests
))
\Gm@cnth=\count277
\Gm@cntv=\count278
\c@Gm@tempcnt=\count279
\Gm@bindingoffset=\dimen156
\Gm@wd@mp=\dimen157
\Gm@odd@mp=\dimen158
\Gm@even@mp=\dimen159
\Gm@layoutwidth=\dimen160
\Gm@layoutheight=\dimen161
\Gm@layouthoffset=\dimen162
\Gm@layoutvoffset=\dimen163
\Gm@dimlist=\toks24
 (C:\Users\Richard Adhika\AppData\Local\Programs\MiKTeX\tex/latex/geometry\geometry.cfg)) (C:\Users\Richard Adhika\AppData\Local\Programs\MiKTeX\tex/latex/tools\enumerate.sty
Package: enumerate 2015/07/23 v3.00 enumerate extensions (DPC)
\@enLab=\toks25
) (C:\Users\Richard Adhika\AppData\Local\Programs\MiKTeX\tex/latex/fancyhdr\fancyhdr.sty
Package: fancyhdr 2024/07/23 v4.3.1 Extensive control of page headers and footers
\f@nch@headwidth=\skip71
\f@nch@O@elh=\skip72
\f@nch@O@erh=\skip73
\f@nch@O@olh=\skip74
\f@nch@O@orh=\skip75
\f@nch@O@elf=\skip76
\f@nch@O@erf=\skip77
\f@nch@O@olf=\skip78
\f@nch@O@orf=\skip79
) (C:\Users\Richard Adhika\AppData\Local\Programs\MiKTeX\tex/latex/l3backend\l3backend-pdftex.def
File: l3backend-pdftex.def 2022-07-01 L3 backend support: PDF output (pdfTeX)
\l__color_backend_stack_int=\count280
\l__pdf_internal_box=\box63
) (ratio3_and_examples.aux)
\openout1 = `ratio3_and_examples.aux'.

LaTeX Font Info:    Checking defaults for OML/cmm/m/it on input line 43.
LaTeX Font Info:    ... okay on input line 43.
LaTeX Font Info:    Checking defaults for OMS/cmsy/m/n on input line 43.
LaTeX Font Info:    ... okay on input line 43.
LaTeX Font Info:    Checking defaults for OT1/cmr/m/n on input line 43.
LaTeX Font Info:    ... okay on input line 43.
LaTeX Font Info:    Checking defaults for T1/cmr/m/n on input line 43.
LaTeX Font Info:    ... okay on input line 43.
LaTeX Font Info:    Checking defaults for TS1/cmr/m/n on input line 43.
LaTeX Font Info:    ... okay on input line 43.
LaTeX Font Info:    Checking defaults for OMX/cmex/m/n on input line 43.
LaTeX Font Info:    ... okay on input line 43.
LaTeX Font Info:    Checking defaults for U/cmr/m/n on input line 43.
LaTeX Font Info:    ... okay on input line 43.
 (C:\Users\Richard Adhika\AppData\Local\Programs\MiKTeX\tex/context/base/mkii\supp-pdf.mkii
[Loading MPS to PDF converter (version 2006.09.02).]
\scratchcounter=\count281
\scratchdimen=\dimen164
\scratchbox=\box64
\nofMPsegments=\count282
\nofMParguments=\count283
\everyMPshowfont=\toks26
\MPscratchCnt=\count284
\MPscratchDim=\dimen165
\MPnumerator=\count285
\makeMPintoPDFobject=\count286
\everyMPtoPDFconversion=\toks27
) (C:\Users\Richard Adhika\AppData\Local\Programs\MiKTeX\tex/latex/epstopdf-pkg\epstopdf-base.sty
Package: epstopdf-base 2020-01-24 v2.11 Base part for package epstopdf
Package epstopdf-base Info: Redefining graphics rule for `.eps' on input line 485.
 (C:\Users\Richard Adhika\AppData\Local\Programs\MiKTeX\tex/latex/00miktex\epstopdf-sys.cfg
File: epstopdf-sys.cfg 2021/03/18 v2.0 Configuration of epstopdf for MiKTeX
))
*geometry* driver: auto-detecting
*geometry* detected driver: pdftex
*geometry* verbose mode - [ preamble ] result:
* driver: pdftex
* paper: letterpaper
* layout: <same size as paper>
* layoutoffset:(h,v)=(0.0pt,0.0pt)
* modes: 
* h-part:(L,W,R)=(71.13188pt, 472.03123pt, 71.13188pt)
* v-part:(T,H,B)=(85.35826pt, 638.47984pt, 71.13188pt)
* \paperwidth=614.295pt
* \paperheight=794.96999pt
* \textwidth=472.03123pt
* \textheight=638.47984pt
* \oddsidemargin=-1.1381pt
* \evensidemargin=-1.1381pt
* \topmargin=-23.91173pt
* \headheight=12.0pt
* \headsep=25.0pt
* \topskip=12.0pt
* \footskip=30.0pt
* \marginparwidth=44.0pt
* \marginparsep=10.0pt
* \columnsep=10.0pt
* \skip\footins=10.8pt plus 4.0pt minus 2.0pt
* \hoffset=0.0pt
* \voffset=0.0pt
* \mag=1000
* \@twocolumnfalse
* \@twosidefalse
* \@mparswitchfalse
* \@reversemarginfalse
* (1in=72.27pt=25.4mm, 1cm=28.453pt)

LaTeX Font Info:    Trying to load font information for U+msa on input line 53.
(C:\Users\Richard Adhika\AppData\Local\Programs\MiKTeX\tex/latex/amsfonts\umsa.fd
File: umsa.fd 2013/01/14 v3.01 AMS symbols A
)
LaTeX Font Info:    Trying to load font information for U+msb on input line 53.
 (C:\Users\Richard Adhika\AppData\Local\Programs\MiKTeX\tex/latex/amsfonts\umsb.fd
File: umsb.fd 2013/01/14 v3.01 AMS symbols B
) [1

{C:/Users/Richard Adhika/AppData/Local/MiKTeX/fonts/map/pdftex/pdftex.map}] [2] [3]
Overfull \hbox (9.19643pt too wide) in paragraph at lines 356--362
[]\OT1/cmr/m/n/12 After get-ting the matrix-count pair in the dic-tio-nary \OT1/cmtt/m/n/12 result \OT1/cmr/m/n/12 us-ing \OT1/cmtt/m/n/12 build[]matrices[]kernel\OT1/cmr/m/n/12 ,
 []

[4]
Underfull \hbox (badness 10000) in paragraph at lines 365--366

 []


LaTeX Warning: Float too large for page by 44.55197pt on input line 453.

[5] [6]
<ex1_1.png, id=34, 741.52031pt x 121.95563pt>
File: ex1_1.png Graphic file (type png)
<use ex1_1.png>
Package pdftex.def Info: ex1_1.png  used on input line 463.
(pdftex.def)             Requested size: 370.75925pt x 60.97765pt.
<ex1_2.png, id=36, 618.05907pt x 222.8325pt>
File: ex1_2.png Graphic file (type png)
<use ex1_2.png>
Package pdftex.def Info: ex1_2.png  used on input line 467.
(pdftex.def)             Requested size: 309.02878pt x 111.41597pt.
<ex2_1.png, id=37, 762.59906pt x 149.8097pt>
File: ex2_1.png Graphic file (type png)
<use ex2_1.png>
Package pdftex.def Info: ex2_1.png  used on input line 473.
(pdftex.def)             Requested size: 381.2986pt x 74.90465pt.
<ex2_2.png, id=38, 828.84656pt x 243.91125pt>
File: ex2_2.png Graphic file (type png)
<use ex2_2.png>
Package pdftex.def Info: ex2_2.png  used on input line 475.
(pdftex.def)             Requested size: 414.42226pt x 121.95532pt.
<ex3_1.png, id=39, 995.97093pt x 127.97812pt>
File: ex3_1.png Graphic file (type png)
<use ex3_1.png>
Package pdftex.def Info: ex3_1.png  used on input line 481.
(pdftex.def)             Requested size: 497.98425pt x 63.98889pt.
<ex3_2.png, id=40, 825.0825pt x 263.48438pt>
File: ex3_2.png Graphic file (type png)
<use ex3_2.png>
Package pdftex.def Info: ex3_2.png  used on input line 483.
(pdftex.def)             Requested size: 412.54024pt x 131.74185pt.

Overfull \hbox (55.32771pt too wide) in paragraph at lines 477--484
[] 
 []

[7 <./ex1_1.png> <./ex1_2.png> <./ex2_1.png> <./ex2_2.png>]
<ex9_1.png, id=49, 526.96875pt x 127.22531pt>
File: ex9_1.png Graphic file (type png)
<use ex9_1.png>
Package pdftex.def Info: ex9_1.png  used on input line 489.
(pdftex.def)             Requested size: 263.48372pt x 63.61249pt.
<ex9_2.png, id=50, 603.75563pt x 201.75375pt>
File: ex9_2.png Graphic file (type png)
<use ex9_2.png>
Package pdftex.def Info: ex9_2.png  used on input line 491.
(pdftex.def)             Requested size: 301.87708pt x 100.87662pt.
<ex4_1.png, id=51, 529.98pt x 119.69719pt>
File: ex4_1.png Graphic file (type png)
<use ex4_1.png>
Package pdftex.def Info: ex4_1.png  used on input line 497.
(pdftex.def)             Requested size: 264.98933pt x 59.84843pt.
<ex4_2.png, id=52, 542.77782pt x 155.07938pt>
File: ex4_2.png Graphic file (type png)
<use ex4_2.png>
Package pdftex.def Info: ex4_2.png  used on input line 499.
(pdftex.def)             Requested size: 271.38824pt x 77.53949pt.
 [8 <./ex3_1.png> <./ex3_2.png> <./ex9_1.png> <./ex9_2.png> <./ex4_1.png>]
<ex5_1.png, id=61, 587.94656pt x 124.21407pt>
File: ex5_1.png Graphic file (type png)
<use ex5_1.png>
Package pdftex.def Info: ex5_1.png  used on input line 505.
(pdftex.def)             Requested size: 293.97256pt x 62.10687pt.
<ex5_2.png, id=62, 511.9125pt x 148.30406pt>
File: ex5_2.png Graphic file (type png)
<use ex5_2.png>
Package pdftex.def Info: ex5_2.png  used on input line 507.
(pdftex.def)             Requested size: 255.95563pt x 74.15184pt.
<ex6_1.png, id=63, 493.0922pt x 137.01187pt>
File: ex6_1.png Graphic file (type png)
<use ex6_1.png>
Package pdftex.def Info: ex6_1.png  used on input line 513.
(pdftex.def)             Requested size: 246.54549pt x 68.50577pt.
<ex6_2.png, id=64, 721.19438pt x 171.64125pt>
File: ex6_2.png Graphic file (type png)
<use ex6_2.png>
Package pdftex.def Info: ex6_2.png  used on input line 515.
(pdftex.def)             Requested size: 360.59631pt x 85.8204pt.
<ex7_1.png, id=65, 521.69907pt x 130.98938pt>
File: ex7_1.png Graphic file (type png)
<use ex7_1.png>
Package pdftex.def Info: ex7_1.png  used on input line 521.
(pdftex.def)             Requested size: 260.84889pt x 65.49452pt.
<ex7_2.png, id=66, 508.14844pt x 179.92218pt>
File: ex7_2.png Graphic file (type png)
<use ex7_2.png>
Package pdftex.def Info: ex7_2.png  used on input line 523.
(pdftex.def)             Requested size: 254.0736pt x 89.96086pt.
 [9 <./ex4_2.png> <./ex5_1.png> <./ex5_2.png> <./ex6_1.png> <./ex6_2.png> <./ex7_1.png>]
<ex8_1.png, id=76, 588.69937pt x 151.3153pt>
File: ex8_1.png Graphic file (type png)
<use ex8_1.png>
Package pdftex.def Info: ex8_1.png  used on input line 529.
(pdftex.def)             Requested size: 294.34895pt x 75.65746pt.
<ex8_2.png, id=77, 532.99126pt x 177.66376pt>
File: ex8_2.png Graphic file (type png)
<use ex8_2.png>
Package pdftex.def Info: ex8_2.png  used on input line 531.
(pdftex.def)             Requested size: 266.49498pt x 88.83165pt.
 [10 <./ex7_2.png> <./ex8_1.png> <./ex8_2.png>] (ratio3_and_examples.aux) ) 
Here is how much of TeX's memory you used:
 5114 strings out of 478338
 79804 string characters out of 2832416
 402818 words of memory out of 3000000
 23471 multiletter control sequences out of 15000+600000
 475642 words of font info for 52 fonts, out of 8000000 for 9000
 1141 hyphenation exceptions out of 8191
 55i,24n,62p,405b,596s stack positions out of 10000i,1000n,20000p,200000b,80000s
<C:/Users/Richard Adhika/AppData/Local/Programs/MiKTeX/fonts/type1/public/amsfonts/cm/cmbx12.pfb><C:/Users/Richard Adhika/AppData/Local/Programs/MiKTeX/fonts/type1/public/amsfonts/cm/cmbx8.pfb><C:/Users/Richard Adhika/AppData/Local/Programs/MiKTeX/fonts/type1/public/amsfonts/cm/cmex10.pfb><C:/Users/Richard Adhika/AppData/Local/Programs/MiKTeX/fonts/type1/public/amsfonts/cm/cmmi12.pfb><C:/Users/Richard Adhika/AppData/Local/Programs/MiKTeX/fonts/type1/public/amsfonts/cm/cmmi8.pfb><C:/Users/Richard Adhika/AppData/Local/Programs/MiKTeX/fonts/type1/public/amsfonts/cm/cmr12.pfb><C:/Users/Richard Adhika/AppData/Local/Programs/MiKTeX/fonts/type1/public/amsfonts/cm/cmr6.pfb><C:/Users/Richard Adhika/AppData/Local/Programs/MiKTeX/fonts/type1/public/amsfonts/cm/cmr8.pfb><C:/Users/Richard Adhika/AppData/Local/Programs/MiKTeX/fonts/type1/public/amsfonts/cm/cmsy10.pfb><C:/Users/Richard Adhika/AppData/Local/Programs/MiKTeX/fonts/type1/public/amsfonts/cm/cmsy6.pfb><C:/Users/Richard Adhika/AppData/Local/Programs/MiKTeX/fonts/type1/public/amsfonts/cm/cmsy8.pfb><C:/Users/Richard Adhika/AppData/Local/Programs/MiKTeX/fonts/type1/public/amsfonts/cm/cmti12.pfb><C:/Users/Richard Adhika/AppData/Local/Programs/MiKTeX/fonts/type1/public/amsfonts/cm/cmtt12.pfb><C:/Users/Richard Adhika/AppData/Local/Programs/MiKTeX/fonts/type1/public/amsfonts/symbols/msbm10.pfb>
Output written on ratio3_and_examples.pdf (10 pages, 534679 bytes).
PDF statistics:
 142 PDF objects out of 1000 (max. 8388607)
 0 named destinations out of 1000 (max. 500000)
 91 words of extra memory for PDF output out of 10000 (max. 10000000)

