This is pdfTeX, Version 3.141592653-2.6-1.40.24 (MiKTeX 22.7) (preloaded format=pdflatex 2022.9.25)  24 JUL 2025 01:50
entering extended mode
 restricted \write18 enabled.
 file:line:error style messages enabled.
 %&-line parsing enabled.
**"d:/UBC courses/WLIURA 2025/examples/examples.tex"
(d:/UBC courses/WLIURA 2025/examples/examples.tex
LaTeX2e <2022-06-01> patch level 5
L3 programming layer <2022-07-04> (C:\Users\Richard Adhika\AppData\Local\Programs\MiKTeX\tex/latex/base\article.cls
Document Class: article 2021/10/04 v1.4n Standard LaTeX document class
(C:\Users\Richard Adhika\AppData\Local\Programs\MiKTeX\tex/latex/base\size12.clo
File: size12.clo 2021/10/04 v1.4n Standard LaTeX file (size option)
)
\c@part=\count185
\c@section=\count186
\c@subsection=\count187
\c@subsubsection=\count188
\c@paragraph=\count189
\c@subparagraph=\count190
\c@figure=\count191
\c@table=\count192
\abovecaptionskip=\skip47
\belowcaptionskip=\skip48
\bibindent=\dimen138
) (C:\Users\Richard Adhika\AppData\Local\Programs\MiKTeX\tex/latex/float\float.sty
Package: float 2001/11/08 v1.3d Float enhancements (AL)
\c@float@type=\count193
\float@exts=\toks16
\float@box=\box51
\@float@everytoks=\toks17
\@floatcapt=\box52
) (C:\Users\Richard Adhika\AppData\Local\Programs\MiKTeX\tex/latex/xcolor\xcolor.sty
Package: xcolor 2022/06/12 v2.14 LaTeX color extensions (UK)
 (C:\Users\Richard Adhika\AppData\Local\Programs\MiKTeX\tex/latex/graphics-cfg\color.cfg
File: color.cfg 2016/01/02 v1.6 sample color configuration
)
Package xcolor Info: Driver file: pdftex.def on input line 227.
 (C:\Users\Richard Adhika\AppData\Local\Programs\MiKTeX\tex/latex/graphics-def\pdftex.def
File: pdftex.def 2020/10/05 v1.2a Graphics/color driver for pdftex
) (C:\Users\Richard Adhika\AppData\Local\Programs\MiKTeX\tex/latex-dev/graphics\mathcolor.ltx)
Package xcolor Info: Model `cmy' substituted by `cmy0' on input line 1353.
Package xcolor Info: Model `hsb' substituted by `rgb' on input line 1357.
Package xcolor Info: Model `RGB' extended on input line 1369.
Package xcolor Info: Model `HTML' substituted by `rgb' on input line 1371.
Package xcolor Info: Model `Hsb' substituted by `hsb' on input line 1372.
Package xcolor Info: Model `tHsb' substituted by `hsb' on input line 1373.
Package xcolor Info: Model `HSB' substituted by `hsb' on input line 1374.
Package xcolor Info: Model `Gray' substituted by `gray' on input line 1375.
Package xcolor Info: Model `wave' substituted by `hsb' on input line 1376.
) (C:\Users\Richard Adhika\AppData\Local\Programs\MiKTeX\tex/latex/amsmath\amsmath.sty
Package: amsmath 2022/04/08 v2.17n AMS math features
\@mathmargin=\skip49

For additional information on amsmath, use the `?' option.
(C:\Users\Richard Adhika\AppData\Local\Programs\MiKTeX\tex/latex/amsmath\amstext.sty
Package: amstext 2021/08/26 v2.01 AMS text
 (C:\Users\Richard Adhika\AppData\Local\Programs\MiKTeX\tex/latex/amsmath\amsgen.sty
File: amsgen.sty 1999/11/30 v2.0 generic functions
\@emptytoks=\toks18
\ex@=\dimen139
)) (C:\Users\Richard Adhika\AppData\Local\Programs\MiKTeX\tex/latex/amsmath\amsbsy.sty
Package: amsbsy 1999/11/29 v1.2d Bold Symbols
\pmbraise@=\dimen140
) (C:\Users\Richard Adhika\AppData\Local\Programs\MiKTeX\tex/latex/amsmath\amsopn.sty
Package: amsopn 2022/04/08 v2.04 operator names
)
\inf@bad=\count194
LaTeX Info: Redefining \frac on input line 234.
\uproot@=\count195
\leftroot@=\count196
LaTeX Info: Redefining \overline on input line 399.
LaTeX Info: Redefining \colon on input line 410.
\classnum@=\count197
\DOTSCASE@=\count198
LaTeX Info: Redefining \ldots on input line 496.
LaTeX Info: Redefining \dots on input line 499.
LaTeX Info: Redefining \cdots on input line 620.
\Mathstrutbox@=\box53
\strutbox@=\box54
LaTeX Info: Redefining \big on input line 722.
LaTeX Info: Redefining \Big on input line 723.
LaTeX Info: Redefining \bigg on input line 724.
LaTeX Info: Redefining \Bigg on input line 725.
\big@size=\dimen141
LaTeX Font Info:    Redeclaring font encoding OML on input line 743.
LaTeX Font Info:    Redeclaring font encoding OMS on input line 744.
\macc@depth=\count199
LaTeX Info: Redefining \bmod on input line 905.
LaTeX Info: Redefining \pmod on input line 910.
LaTeX Info: Redefining \smash on input line 940.
LaTeX Info: Redefining \relbar on input line 970.
LaTeX Info: Redefining \Relbar on input line 971.
\c@MaxMatrixCols=\count266
\dotsspace@=\muskip16
\c@parentequation=\count267
\dspbrk@lvl=\count268
\tag@help=\toks19
\row@=\count269
\column@=\count270
\maxfields@=\count271
\andhelp@=\toks20
\eqnshift@=\dimen142
\alignsep@=\dimen143
\tagshift@=\dimen144
\tagwidth@=\dimen145
\totwidth@=\dimen146
\lineht@=\dimen147
\@envbody=\toks21
\multlinegap=\skip50
\multlinetaggap=\skip51
\mathdisplay@stack=\toks22
LaTeX Info: Redefining \[ on input line 2953.
LaTeX Info: Redefining \] on input line 2954.
) (C:\Users\Richard Adhika\AppData\Local\Programs\MiKTeX\tex/latex/amsfonts\amsfonts.sty
Package: amsfonts 2013/01/14 v3.01 Basic AMSFonts support
\symAMSa=\mathgroup4
\symAMSb=\mathgroup5
LaTeX Font Info:    Redeclaring math symbol \hbar on input line 98.
LaTeX Font Info:    Overwriting math alphabet `\mathfrak' in version `bold'
(Font)                  U/euf/m/n --> U/euf/b/n on input line 106.
) (C:\Users\Richard Adhika\AppData\Local\Programs\MiKTeX\tex/latex/amsfonts\amssymb.sty
Package: amssymb 2013/01/14 v3.01 AMS font symbols
) (C:\Users\Richard Adhika\AppData\Local\Programs\MiKTeX\tex/latex/graphics\graphicx.sty
Package: graphicx 2021/09/16 v1.2d Enhanced LaTeX Graphics (DPC,SPQR)
 (C:\Users\Richard Adhika\AppData\Local\Programs\MiKTeX\tex/latex/graphics\keyval.sty
Package: keyval 2022/05/29 v1.15 key=value parser (DPC)
\KV@toks@=\toks23
) (C:\Users\Richard Adhika\AppData\Local\Programs\MiKTeX\tex/latex/graphics\graphics.sty
Package: graphics 2022/03/10 v1.4e Standard LaTeX Graphics (DPC,SPQR)
 (C:\Users\Richard Adhika\AppData\Local\Programs\MiKTeX\tex/latex/graphics\trig.sty
Package: trig 2021/08/11 v1.11 sin cos tan (DPC)
) (C:\Users\Richard Adhika\AppData\Local\Programs\MiKTeX\tex/latex/graphics-cfg\graphics.cfg
File: graphics.cfg 2016/06/04 v1.11 sample graphics configuration
)
Package graphics Info: Driver file: pdftex.def on input line 107.
)
\Gin@req@height=\dimen148
\Gin@req@width=\dimen149
) (C:\Users\Richard Adhika\AppData\Local\Programs\MiKTeX\tex/latex/algorithm2e\algorithm2e.sty
Package: algorithm2e 2017/07/18 v5.2 algorithms environments
\c@AlgoLine=\count272
 (C:\Users\Richard Adhika\AppData\Local\Programs\MiKTeX\tex/latex/base\ifthen.sty
Package: ifthen 2022/04/13 v1.1d Standard LaTeX ifthen package (DPC)
)
\algocf@hangindent=\skip52
 (C:\Users\Richard Adhika\AppData\Local\Programs\MiKTeX\tex/latex/ifoddpage\ifoddpage.sty
Package: ifoddpage 2022/10/18 v1.2 Conditionals for odd/even page detection
\c@checkoddpage=\count273
) (C:\Users\Richard Adhika\AppData\Local\Programs\MiKTeX\tex/latex/tools\xspace.sty
Package: xspace 2014/10/28 v1.13 Space after command names (DPC,MH)
) (C:\Users\Richard Adhika\AppData\Local\Programs\MiKTeX\tex/latex/relsize\relsize.sty
Package: relsize 2013/03/29 ver 4.1
)
\skiptotal=\skip53
\skiplinenumber=\skip54
\skiprule=\skip55
\skiphlne=\skip56
\skiptext=\skip57
\skiplength=\skip58
\algomargin=\skip59
\skipalgocfslide=\skip60
\algowidth=\dimen150
\inoutsize=\dimen151
\inoutindent=\dimen152
\interspacetitleruled=\dimen153
\interspacealgoruled=\dimen154
\interspacetitleboxruled=\dimen155
\algocf@ruledwidth=\skip61
\algocf@inoutbox=\box55
\algocf@inputbox=\box56
\AlCapSkip=\skip62
\AlCapHSkip=\skip63
\algoskipindent=\skip64
\algocf@nlbox=\box57
\algocf@hangingbox=\box58
\algocf@untilbox=\box59
\algocf@skipuntil=\skip65
\algocf@capbox=\box60
\algocf@lcaptionbox=\skip66
\algoheightruledefault=\skip67
\algoheightrule=\skip68
\algotitleheightruledefault=\skip69
\algotitleheightrule=\skip70
\c@algocfline=\count274
\c@algocfproc=\count275
\c@algocf=\count276
\algocf@algoframe=\box61
\algocf@algobox=\box62
) (C:\Users\Richard Adhika\AppData\Local\Programs\MiKTeX\tex/latex/geometry\geometry.sty
Package: geometry 2020/01/02 v5.9 Page Geometry
 (C:\Users\Richard Adhika\AppData\Local\Programs\MiKTeX\tex/generic/iftex\ifvtex.sty
Package: ifvtex 2019/10/25 v1.7 ifvtex legacy package. Use iftex instead.
 (C:\Users\Richard Adhika\AppData\Local\Programs\MiKTeX\tex/generic/iftex\iftex.sty
Package: iftex 2022/02/03 v1.0f TeX engine tests
))
\Gm@cnth=\count277
\Gm@cntv=\count278
\c@Gm@tempcnt=\count279
\Gm@bindingoffset=\dimen156
\Gm@wd@mp=\dimen157
\Gm@odd@mp=\dimen158
\Gm@even@mp=\dimen159
\Gm@layoutwidth=\dimen160
\Gm@layoutheight=\dimen161
\Gm@layouthoffset=\dimen162
\Gm@layoutvoffset=\dimen163
\Gm@dimlist=\toks24
 (C:\Users\Richard Adhika\AppData\Local\Programs\MiKTeX\tex/latex/geometry\geometry.cfg)) (C:\Users\Richard Adhika\AppData\Local\Programs\MiKTeX\tex/latex/tools\enumerate.sty
Package: enumerate 2015/07/23 v3.00 enumerate extensions (DPC)
\@enLab=\toks25
) (C:\Users\Richard Adhika\AppData\Local\Programs\MiKTeX\tex/latex/fancyhdr\fancyhdr.sty
Package: fancyhdr 2024/07/23 v4.3.1 Extensive control of page headers and footers
\f@nch@headwidth=\skip71
\f@nch@O@elh=\skip72
\f@nch@O@erh=\skip73
\f@nch@O@olh=\skip74
\f@nch@O@orh=\skip75
\f@nch@O@elf=\skip76
\f@nch@O@erf=\skip77
\f@nch@O@olf=\skip78
\f@nch@O@orf=\skip79
) (C:\Users\Richard Adhika\AppData\Local\Programs\MiKTeX\tex/latex/l3backend\l3backend-pdftex.def
File: l3backend-pdftex.def 2022-07-01 L3 backend support: PDF output (pdfTeX)
\l__color_backend_stack_int=\count280
\l__pdf_internal_box=\box63
) (examples.aux)
\openout1 = `examples.aux'.

LaTeX Font Info:    Checking defaults for OML/cmm/m/it on input line 43.
LaTeX Font Info:    ... okay on input line 43.
LaTeX Font Info:    Checking defaults for OMS/cmsy/m/n on input line 43.
LaTeX Font Info:    ... okay on input line 43.
LaTeX Font Info:    Checking defaults for OT1/cmr/m/n on input line 43.
LaTeX Font Info:    ... okay on input line 43.
LaTeX Font Info:    Checking defaults for T1/cmr/m/n on input line 43.
LaTeX Font Info:    ... okay on input line 43.
LaTeX Font Info:    Checking defaults for TS1/cmr/m/n on input line 43.
LaTeX Font Info:    ... okay on input line 43.
LaTeX Font Info:    Checking defaults for OMX/cmex/m/n on input line 43.
LaTeX Font Info:    ... okay on input line 43.
LaTeX Font Info:    Checking defaults for U/cmr/m/n on input line 43.
LaTeX Font Info:    ... okay on input line 43.
 (C:\Users\Richard Adhika\AppData\Local\Programs\MiKTeX\tex/context/base/mkii\supp-pdf.mkii
[Loading MPS to PDF converter (version 2006.09.02).]
\scratchcounter=\count281
\scratchdimen=\dimen164
\scratchbox=\box64
\nofMPsegments=\count282
\nofMParguments=\count283
\everyMPshowfont=\toks26
\MPscratchCnt=\count284
\MPscratchDim=\dimen165
\MPnumerator=\count285
\makeMPintoPDFobject=\count286
\everyMPtoPDFconversion=\toks27
) (C:\Users\Richard Adhika\AppData\Local\Programs\MiKTeX\tex/latex/epstopdf-pkg\epstopdf-base.sty
Package: epstopdf-base 2020-01-24 v2.11 Base part for package epstopdf
Package epstopdf-base Info: Redefining graphics rule for `.eps' on input line 485.
 (C:\Users\Richard Adhika\AppData\Local\Programs\MiKTeX\tex/latex/00miktex\epstopdf-sys.cfg
File: epstopdf-sys.cfg 2021/03/18 v2.0 Configuration of epstopdf for MiKTeX
))
*geometry* driver: auto-detecting
*geometry* detected driver: pdftex
*geometry* verbose mode - [ preamble ] result:
* driver: pdftex
* paper: letterpaper
* layout: <same size as paper>
* layoutoffset:(h,v)=(0.0pt,0.0pt)
* modes: 
* h-part:(L,W,R)=(71.13188pt, 472.03123pt, 71.13188pt)
* v-part:(T,H,B)=(85.35826pt, 638.47984pt, 71.13188pt)
* \paperwidth=614.295pt
* \paperheight=794.96999pt
* \textwidth=472.03123pt
* \textheight=638.47984pt
* \oddsidemargin=-1.1381pt
* \evensidemargin=-1.1381pt
* \topmargin=-23.91173pt
* \headheight=12.0pt
* \headsep=25.0pt
* \topskip=12.0pt
* \footskip=30.0pt
* \marginparwidth=44.0pt
* \marginparsep=10.0pt
* \columnsep=10.0pt
* \skip\footins=10.8pt plus 4.0pt minus 2.0pt
* \hoffset=0.0pt
* \voffset=0.0pt
* \mag=1000
* \@twocolumnfalse
* \@twosidefalse
* \@mparswitchfalse
* \@reversemarginfalse
* (1in=72.27pt=25.4mm, 1cm=28.453pt)

LaTeX Font Info:    Trying to load font information for U+msa on input line 55.
(C:\Users\Richard Adhika\AppData\Local\Programs\MiKTeX\tex/latex/amsfonts\umsa.fd
File: umsa.fd 2013/01/14 v3.01 AMS symbols A
)
LaTeX Font Info:    Trying to load font information for U+msb on input line 55.
 (C:\Users\Richard Adhika\AppData\Local\Programs\MiKTeX\tex/latex/amsfonts\umsb.fd
File: umsb.fd 2013/01/14 v3.01 AMS symbols B
)
<ex1.png, id=1, 1191.7022pt x 246.1697pt>
File: ex1.png Graphic file (type png)
<use ex1.png>
Package pdftex.def Info: ex1.png  used on input line 68.
(pdftex.def)             Requested size: 476.67242pt x 98.46613pt.

Overfull \hbox (34.01588pt too wide) in paragraph at lines 64--69
[] 
 []


Underfull \hbox (badness 10000) in paragraph at lines 64--69

 []

<ex2.png, id=3, 1184.92688pt x 240.14719pt>
File: ex2.png Graphic file (type png)
<use ex2.png>
Package pdftex.def Info: ex2.png  used on input line 74.
(pdftex.def)             Requested size: 473.96236pt x 96.05716pt.

Overfull \hbox (31.30582pt too wide) in paragraph at lines 70--75
[] 
 []


Underfull \hbox (badness 10000) in paragraph at lines 70--75

 []

<ex3.png, id=4, 922.94812pt x 258.21469pt>
File: ex3.png Graphic file (type png)
<use ex3.png>
Package pdftex.def Info: ex3.png  used on input line 80.
(pdftex.def)             Requested size: 369.1727pt x 103.28404pt.

Underfull \hbox (badness 10000) in paragraph at lines 76--81

 []

[1

{C:/Users/Richard Adhika/AppData/Local/MiKTeX/fonts/map/pdftex/pdftex.map} <./ex1.png> <./ex2.png> <./ex3.png>]
<ex4.png, id=17, 1001.24063pt x 259.7203pt>
File: ex4.png Graphic file (type png)
<use ex4.png>
Package pdftex.def Info: ex4.png  used on input line 86.
(pdftex.def)             Requested size: 400.48917pt x 103.88628pt.

Underfull \hbox (badness 10000) in paragraph at lines 82--87

 []

<ex5.png, id=18, 1276.01718pt x 277.78781pt>
File: ex5.png Graphic file (type png)
<use ex5.png>
Package pdftex.def Info: ex5.png  used on input line 92.
(pdftex.def)             Requested size: 510.39783pt x 111.11314pt.

Overfull \hbox (67.74129pt too wide) in paragraph at lines 88--93
[] 
 []


Underfull \hbox (badness 10000) in paragraph at lines 88--93

 []

<ex8.png, id=19, 1126.2075pt x 283.81032pt>
File: ex8.png Graphic file (type png)
<use ex8.png>
Package pdftex.def Info: ex8.png  used on input line 98.
(pdftex.def)             Requested size: 450.47502pt x 113.52211pt.

Overfull \hbox (7.81848pt too wide) in paragraph at lines 94--99
[] 
 []


Underfull \hbox (badness 10000) in paragraph at lines 94--99

 []

<ex6.png, id=20, 1161.58969pt x 286.82156pt>
File: ex6.png Graphic file (type png)
<use ex6.png>
Package pdftex.def Info: ex6.png  used on input line 104.
(pdftex.def)             Requested size: 464.62766pt x 114.72658pt.

Overfull \hbox (21.97112pt too wide) in paragraph at lines 100--105
[] 
 []


Underfull \hbox (badness 10000) in paragraph at lines 100--105

 []

[2 <./ex4.png> <./ex5.png> <./ex8.png>]
<ex7.png, id=27, 1125.45468pt x 264.23718pt>
File: ex7.png Graphic file (type png)
<use ex7.png>
Package pdftex.def Info: ex7.png  used on input line 110.
(pdftex.def)             Requested size: 450.1739pt x 105.693pt.

Overfull \hbox (7.51736pt too wide) in paragraph at lines 106--111
[] 
 []


Underfull \hbox (badness 10000) in paragraph at lines 106--111

 []

<ex9.png, id=28, 1105.88156pt x 301.125pt>
File: ex9.png Graphic file (type png)
<use ex9.png>
Package pdftex.def Info: ex9.png  used on input line 116.
(pdftex.def)             Requested size: 442.34479pt x 120.44786pt.

Underfull \hbox (badness 10000) in paragraph at lines 112--117

 []

<ex10.png, id=29, 1172.12906pt x 246.1697pt>
File: ex10.png Graphic file (type png)
<use ex10.png>
Package pdftex.def Info: ex10.png  used on input line 122.
(pdftex.def)             Requested size: 468.84332pt x 98.46613pt.

Overfull \hbox (26.18678pt too wide) in paragraph at lines 118--123
[] 
 []


Underfull \hbox (badness 10000) in paragraph at lines 118--123

 []

[3 <./ex6.png> <./ex7.png> <./ex9.png> <./ex10.png>]
<ex11.png, id=37, 1181.91562pt x 227.34938pt>
File: ex11.png Graphic file (type png)
<use ex11.png>
Package pdftex.def Info: ex11.png  used on input line 128.
(pdftex.def)             Requested size: 472.75787pt x 90.93813pt.

Overfull \hbox (30.10133pt too wide) in paragraph at lines 124--129
[] 
 []


Underfull \hbox (badness 10000) in paragraph at lines 124--129

 []

<ex12.png, id=38, 1223.32031pt x 246.1697pt>
File: ex12.png Graphic file (type png)
<use ex12.png>
Package pdftex.def Info: ex12.png  used on input line 134.
(pdftex.def)             Requested size: 489.31946pt x 98.46613pt.

Overfull \hbox (46.66292pt too wide) in paragraph at lines 130--135
[] 
 []


Underfull \hbox (badness 10000) in paragraph at lines 130--135

 []

<ex13.png, id=39, 1204.5pt x 271.76532pt>
File: ex13.png Graphic file (type png)
<use ex13.png>
Package pdftex.def Info: ex13.png  used on input line 140.
(pdftex.def)             Requested size: 481.79147pt x 108.7042pt.

Overfull \hbox (39.13493pt too wide) in paragraph at lines 136--141
[] 
 []


Underfull \hbox (badness 10000) in paragraph at lines 136--141

 []

<ex14.png, id=40, 1153.30875pt x 269.50688pt>
File: ex14.png Graphic file (type png)
<use ex14.png>
Package pdftex.def Info: ex14.png  used on input line 146.
(pdftex.def)             Requested size: 461.31532pt x 107.80083pt.

Overfull \hbox (18.65878pt too wide) in paragraph at lines 142--147
[] 
 []


Underfull \hbox (badness 10000) in paragraph at lines 142--147

 []

[4 <./ex11.png> <./ex12.png> <./ex13.png>]
<ex15.png, id=47, 1184.17406pt x 229.60782pt>
File: ex15.png Graphic file (type png)
<use ex15.png>
Package pdftex.def Info: ex15.png  used on input line 152.
(pdftex.def)             Requested size: 473.66124pt x 91.84149pt.

Overfull \hbox (31.0047pt too wide) in paragraph at lines 148--153
[] 
 []


Underfull \hbox (badness 10000) in paragraph at lines 148--153

 []

<ex16.png, id=48, 1180.41pt x 242.40562pt>
File: ex16.png Graphic file (type png)
<use ex16.png>
Package pdftex.def Info: ex16.png  used on input line 158.
(pdftex.def)             Requested size: 472.15564pt x 96.96053pt.

Overfull \hbox (29.4991pt too wide) in paragraph at lines 154--159
[] 
 []


Underfull \hbox (badness 10000) in paragraph at lines 154--159

 []

[5 <./ex14.png> <./ex15.png> <./ex16.png>] (examples.aux) ) 
Here is how much of TeX's memory you used:
 5090 strings out of 478338
 79114 string characters out of 2832416
 392794 words of memory out of 3000000
 23452 multiletter control sequences out of 15000+600000
 474510 words of font info for 48 fonts, out of 8000000 for 9000
 1141 hyphenation exceptions out of 8191
 55i,8n,62p,383b,197s stack positions out of 10000i,1000n,20000p,200000b,80000s
<C:/Users/Richard Adhika/AppData/Local/Programs/MiKTeX/fonts/type1/public/amsfonts/cm/cmbx12.pfb><C:/Users/Richard Adhika/AppData/Local/Programs/MiKTeX/fonts/type1/public/amsfonts/cm/cmex10.pfb><C:/Users/Richard Adhika/AppData/Local/Programs/MiKTeX/fonts/type1/public/amsfonts/cm/cmmi12.pfb><C:/Users/Richard Adhika/AppData/Local/Programs/MiKTeX/fonts/type1/public/amsfonts/cm/cmr12.pfb><C:/Users/Richard Adhika/AppData/Local/Programs/MiKTeX/fonts/type1/public/amsfonts/cm/cmsy8.pfb>
Output written on examples.pdf (5 pages, 608745 bytes).
PDF statistics:
 76 PDF objects out of 1000 (max. 8388607)
 0 named destinations out of 1000 (max. 500000)
 81 words of extra memory for PDF output out of 10000 (max. 10000000)

